#
# There is insufficient memory for the Java Runtime Environment to continue.
# Native memory allocation (malloc) failed to allocate 32744 bytes for ChunkPool::allocate
# Possible reasons:
#   The system is out of physical RAM or swap space
#   The process is running with CompressedOops enabled, and the Java Heap may be blocking the growth of the native heap
# Possible solutions:
#   Reduce memory load on the system
#   Increase physical memory or swap space
#   Check if swap backing store is full
#   Decrease Java heap size (-Xmx/-Xms)
#   Decrease number of Java threads
#   Decrease Java thread stack sizes (-Xss)
#   Set larger code cache with -XX:ReservedCodeCacheSize=
#   JVM is running with Unscaled Compressed Oops mode in which the Java heap is
#     placed in the first 4GB address space. The Java Heap base address is the
#     maximum limit for the native heap growth. Please use -XX:HeapBaseMinAddress
#     to set the Java Heap base and to place the Java Heap above 4GB virtual address.
# This output file may be truncated or incomplete.
#
#  Out of Memory Error (./src/hotspot/share/memory/arena.cpp:81), pid=24668, tid=26152
#
# JRE version: OpenJDK Runtime Environment (11.0.8+10) (build 11.0.8+10-b944.6842174)
# Java VM: OpenJDK 64-Bit Server VM (11.0.8+10-b944.6842174, mixed mode, tiered, compressed oops, g1 gc, windows-amd64)
# No core dump will be written. Minidumps are not enabled by default on client versions of Windows
#

---------------  S U M M A R Y ------------

Command Line: --add-opens=java.base/java.util=ALL-UNNAMED --add-opens=java.base/java.lang=ALL-UNNAMED --add-opens=java.base/java.lang.invoke=ALL-UNNAMED --add-opens=java.prefs/java.util.prefs=ALL-UNNAMED -Xmx2048m -Dfile.encoding=UTF-8 -Duser.country=IN -Duser.language=en -Duser.variant org.gradle.launcher.daemon.bootstrap.GradleDaemon 6.7.1

Host: AMD Ryzen 5 4600H with Radeon Graphics         , 12 cores, 7G,  Windows 10 , 64 bit Build 19041 (10.0.19041.1348)
Time: Tue Dec 28 12:46:31 2021 India Standard Time elapsed time: 21 seconds (0d 0h 0m 21s)

---------------  T H R E A D  ---------------

Current thread (0x0000015855198000):  JavaThread "C2 CompilerThread0" daemon [_thread_in_native, id=26152, stack(0x0000000b10400000,0x0000000b10500000)]


Current CompileTask:
C2:  21897 6346       4       java.lang.String::endsWith (15 bytes)

Stack: [0x0000000b10400000,0x0000000b10500000]
Native frames: (J=compiled Java code, j=interpreted, Vv=VM code, C=native code)
V  [jvm.dll+0x5de50a]
V  [jvm.dll+0x7122f5]
V  [jvm.dll+0x71384d]
V  [jvm.dll+0x713f03]
V  [jvm.dll+0x23e728]
V  [jvm.dll+0xb8beb]
V  [jvm.dll+0xb8e9c]
V  [jvm.dll+0x2b2134]
V  [jvm.dll+0x502098]
V  [jvm.dll+0x1f8df6]
V  [jvm.dll+0x1f685f]
V  [jvm.dll+0x17f32c]
V  [jvm.dll+0x205047]
V  [jvm.dll+0x203891]
V  [jvm.dll+0x6dad3f]
V  [jvm.dll+0x6d3895]
V  [jvm.dll+0x5dd4a6]
C  [ucrtbase.dll+0x21bb2]
C  [KERNEL32.DLL+0x17034]
C  [ntdll.dll+0x52651]


---------------  P R O C E S S  ---------------

Threads class SMR info:
_java_thread_list=0x0000015859b18840, length=159, elements={
0x00000158398ea800, 0x0000015854808000, 0x0000015854809800, 0x0000015855195800,
0x0000015855197000, 0x0000015855198000, 0x0000015855199800, 0x0000015854822000,
0x0000015855308000, 0x0000015855335800, 0x0000015856ca0000, 0x00000158571c4800,
0x0000015856c9f000, 0x0000015856bf7000, 0x0000015856cff800, 0x0000015856d28000,
0x0000015856e46000, 0x0000015856e47800, 0x0000015856e49000, 0x0000015856efe000,
0x0000015857185000, 0x0000015857186800, 0x0000015857184000, 0x0000015857188000,
0x0000015857185800, 0x0000015857187800, 0x000001585718a800, 0x0000015857189000,
0x000001585718a000, 0x00000158598fa000, 0x00000158598fe000, 0x00000158598fb000,
0x00000158598ff000, 0x00000158598f9000, 0x00000158598ff800, 0x0000015859900800,
0x0000015859902000, 0x0000015859901800, 0x00000158598fc800, 0x0000015859905800,
0x0000015859906000, 0x0000015859903000, 0x0000015859907000, 0x0000015859903800,
0x0000015859904800, 0x0000015855c5c800, 0x0000015855c5c000, 0x0000015855c5e800,
0x0000015855c5d800, 0x0000015855c5f000, 0x0000015855c60000, 0x0000015855c5b000,
0x0000015855c63800, 0x0000015855c61800, 0x0000015855c62800, 0x0000015855c61000,
0x0000015855c64000, 0x0000015855c68000, 0x0000015855c65000, 0x0000015855c65800,
0x0000015855c69000, 0x0000015855c67800, 0x0000015855c66800, 0x0000015855c6a000,
0x000001585752a000, 0x000001585752e000, 0x0000015857529000, 0x000001585752a800,
0x000001585752d000, 0x0000015857528000, 0x000001585752e800, 0x000001585752f800,
0x0000015857530800, 0x000001585752c800, 0x000001585752b800, 0x0000015857532000,
0x0000015857535000, 0x0000015857533000, 0x0000015857536000, 0x0000015857533800,
0x0000015857534800, 0x0000015857537000, 0x0000015857531000, 0x0000015856185000,
0x000001585617f000, 0x0000015856183000, 0x0000015856185800, 0x0000015856181800,
0x0000015856184000, 0x0000015856180000, 0x0000015856180800, 0x0000015856186800,
0x0000015856182800, 0x0000015856189800, 0x0000015856188000, 0x000001585618d000,
0x000001585618b800, 0x000001585618c000, 0x0000015856189000, 0x000001585618a800,
0x0000015856187000, 0x000001585618d800, 0x0000015855ba9000, 0x0000015855bab800,
0x0000015855baf800, 0x0000015855bab000, 0x0000015855bad000, 0x0000015855bac800,
0x0000015855bae000, 0x0000015855baa000, 0x0000015855bb0800, 0x0000015855bb1800,
0x0000015855bb4800, 0x0000015855bb3800, 0x0000015855bb2000, 0x0000015855bb3000,
0x0000015855baf000, 0x0000015855bb5800, 0x0000015855bb6000, 0x0000015855bb7000,
0x0000015855bb8000, 0x0000015857fa3800, 0x0000015857f9e800, 0x0000015857fa1800,
0x0000015857f9d800, 0x0000015857fa4000, 0x0000015857fa5000, 0x0000015857fa2800,
0x0000015857f9f000, 0x0000015857fa0000, 0x0000015857fa5800, 0x0000015857fa6800,
0x0000015857fa1000, 0x0000015857fa7800, 0x0000015857faa000, 0x0000015857faa800,
0x0000015857fab800, 0x0000015857fa8000, 0x0000015857fac800, 0x0000015857fa9000,
0x000001585620f800, 0x0000015856211000, 0x0000015856210800, 0x000001585620b800,
0x000001585620e800, 0x000001585620e000, 0x0000015856212000, 0x000001585620c800,
0x000001585620d000, 0x0000015856214800, 0x0000015856217000, 0x0000015856213000,
0x0000015856217800, 0x0000015856215800, 0x0000015856218800, 0x0000015856216000,
0x0000015856219800, 0x0000015856213800, 0x000001585621a000
}

Java Threads: ( => current thread )
  0x00000158398ea800 JavaThread "main" [_thread_blocked, id=24688, stack(0x0000000b0f900000,0x0000000b0fa00000)]
  0x0000015854808000 JavaThread "Reference Handler" daemon [_thread_blocked, id=10416, stack(0x0000000b10000000,0x0000000b10100000)]
  0x0000015854809800 JavaThread "Finalizer" daemon [_thread_blocked, id=25856, stack(0x0000000b10100000,0x0000000b10200000)]
  0x0000015855195800 JavaThread "Signal Dispatcher" daemon [_thread_blocked, id=11220, stack(0x0000000b10200000,0x0000000b10300000)]
  0x0000015855197000 JavaThread "Attach Listener" daemon [_thread_blocked, id=25496, stack(0x0000000b10300000,0x0000000b10400000)]
=>0x0000015855198000 JavaThread "C2 CompilerThread0" daemon [_thread_in_native, id=26152, stack(0x0000000b10400000,0x0000000b10500000)]
  0x0000015855199800 JavaThread "C1 CompilerThread0" daemon [_thread_blocked, id=10828, stack(0x0000000b10500000,0x0000000b10600000)]
  0x0000015854822000 JavaThread "Sweeper thread" daemon [_thread_blocked, id=24812, stack(0x0000000b10600000,0x0000000b10700000)]
  0x0000015855308000 JavaThread "Common-Cleaner" daemon [_thread_blocked, id=27236, stack(0x0000000b10700000,0x0000000b10800000)]
  0x0000015855335800 JavaThread "Service Thread" daemon [_thread_blocked, id=26944, stack(0x0000000b10800000,0x0000000b10900000)]
  0x0000015856ca0000 JavaThread "Daemon health stats" [_thread_blocked, id=26120, stack(0x0000000b10c00000,0x0000000b10d00000)]
  0x00000158571c4800 JavaThread "Incoming local TCP Connector on port 49890" [_thread_in_native, id=2852, stack(0x0000000b10f00000,0x0000000b11000000)]
  0x0000015856c9f000 JavaThread "Daemon periodic checks" [_thread_blocked, id=22500, stack(0x0000000b11000000,0x0000000b11100000)]
  0x0000015856bf7000 JavaThread "Daemon" [_thread_blocked, id=17848, stack(0x0000000b11100000,0x0000000b11200000)]
  0x0000015856cff800 JavaThread "Handler for socket connection from /127.0.0.1:49890 to /127.0.0.1:49891" [_thread_in_native, id=25520, stack(0x0000000b11200000,0x0000000b11300000)]
  0x0000015856d28000 JavaThread "Cancel handler" [_thread_blocked, id=26844, stack(0x0000000b11300000,0x0000000b11400000)]
  0x0000015856e46000 JavaThread "Daemon worker" [_thread_in_vm, id=17940, stack(0x0000000b11400000,0x0000000b11500000)]
  0x0000015856e47800 JavaThread "Asynchronous log dispatcher for DefaultDaemonConnection: socket connection from /127.0.0.1:49890 to /127.0.0.1:49891" [_thread_blocked, id=18532, stack(0x0000000b11500000,0x0000000b11600000)]
  0x0000015856e49000 JavaThread "Stdin handler" [_thread_blocked, id=23648, stack(0x0000000b11600000,0x0000000b11700000)]
  0x0000015856efe000 JavaThread "Thread-8" [_thread_blocked, id=21372, stack(0x0000000b11700000,0x0000000b11800000)]
  0x0000015857185000 JavaThread "Cache worker for file hash cache (C:\Users\adity\.gradle\caches\6.7.1\fileHashes)" [_thread_blocked, id=15104, stack(0x0000000b11f00000,0x0000000b12000000)]
  0x0000015857186800 JavaThread "File lock request listener" [_thread_in_native, id=836, stack(0x0000000b12000000,0x0000000b12100000)]
  0x0000015857184000 JavaThread "Cache worker for journal cache (C:\Users\adity\.gradle\caches\journal-1)" [_thread_blocked, id=25884, stack(0x0000000b12300000,0x0000000b12400000)]
  0x0000015857188000 JavaThread "Cache worker for file hash cache (C:\Users\adity\AndroidStudioProjects\Calculator4\.gradle\6.7.1\fileHashes)" [_thread_blocked, id=25732, stack(0x0000000b12400000,0x0000000b12500000)]
  0x0000015857185800 JavaThread "Cache worker for checksums cache (C:\Users\adity\AndroidStudioProjects\Calculator4\.gradle\checksums)" [_thread_blocked, id=24988, stack(0x0000000b12500000,0x0000000b12600000)]
  0x0000015857187800 JavaThread "Cache worker for cache directory md-supplier (C:\Users\adity\.gradle\caches\6.7.1\md-supplier)" [_thread_blocked, id=25296, stack(0x0000000b12600000,0x0000000b12700000)]
  0x000001585718a800 JavaThread "Cache worker for cache directory md-rule (C:\Users\adity\.gradle\caches\6.7.1\md-rule)" [_thread_blocked, id=13080, stack(0x0000000b12700000,0x0000000b12800000)]
  0x0000015857189000 JavaThread "Cache worker for execution history cache (C:\Users\adity\.gradle\caches\6.7.1\executionHistory)" [_thread_blocked, id=18136, stack(0x0000000b12800000,0x0000000b12900000)]
  0x000001585718a000 JavaThread "jar transforms" [_thread_blocked, id=11288, stack(0x0000000b12900000,0x0000000b12a00000)]
  0x00000158598fa000 JavaThread "Cache worker for file content cache (C:\Users\adity\.gradle\caches\6.7.1\fileContent)" [_thread_blocked, id=21804, stack(0x0000000b12a00000,0x0000000b12b00000)]
  0x00000158598fe000 JavaThread "Cache worker for Build Output Cleanup Cache (C:\Users\adity\AndroidStudioProjects\Calculator4\.gradle\buildOutputCleanup)" [_thread_blocked, id=13516, stack(0x0000000b12b00000,0x0000000b12c00000)]
  0x00000158598fb000 JavaThread "Build operations" [_thread_blocked, id=25156, stack(0x0000000b12c00000,0x0000000b12d00000)]
  0x00000158598ff000 JavaThread "Build operations Thread 2" [_thread_blocked, id=27252, stack(0x0000000b12d00000,0x0000000b12e00000)]
  0x00000158598f9000 JavaThread "Build operations Thread 3" [_thread_blocked, id=26184, stack(0x0000000b12e00000,0x0000000b12f00000)]
  0x00000158598ff800 JavaThread "Build operations Thread 4" [_thread_blocked, id=25260, stack(0x0000000b12f00000,0x0000000b13000000)]
  0x0000015859900800 JavaThread "Build operations Thread 5" [_thread_blocked, id=2180, stack(0x0000000b13000000,0x0000000b13100000)]
  0x0000015859902000 JavaThread "Build operations Thread 6" [_thread_blocked, id=20604, stack(0x0000000b13100000,0x0000000b13200000)]
  0x0000015859901800 JavaThread "Build operations Thread 7" [_thread_blocked, id=27608, stack(0x0000000b13200000,0x0000000b13300000)]
  0x00000158598fc800 JavaThread "Build operations Thread 8" [_thread_blocked, id=17872, stack(0x0000000b13300000,0x0000000b13400000)]
  0x0000015859905800 JavaThread "Build operations Thread 9" [_thread_blocked, id=26452, stack(0x0000000b13400000,0x0000000b13500000)]
  0x0000015859906000 JavaThread "Build operations Thread 10" [_thread_blocked, id=26276, stack(0x0000000b13500000,0x0000000b13600000)]
  0x0000015859903000 JavaThread "Build operations Thread 11" [_thread_blocked, id=20376, stack(0x0000000b13600000,0x0000000b13700000)]
  0x0000015859907000 JavaThread "Build operations Thread 12" [_thread_blocked, id=27520, stack(0x0000000b13700000,0x0000000b13800000)]
  0x0000015859903800 JavaThread "jar transforms Thread 2" [_thread_blocked, id=26252, stack(0x0000000b13800000,0x0000000b13900000)]
  0x0000015859904800 JavaThread "jar transforms Thread 3" [_thread_blocked, id=19628, stack(0x0000000b13900000,0x0000000b13a00000)]
  0x0000015855c5c800 JavaThread "jar transforms Thread 4" [_thread_blocked, id=25964, stack(0x0000000b13a00000,0x0000000b13b00000)]
  0x0000015855c5c000 JavaThread "jar transforms Thread 5" [_thread_blocked, id=3788, stack(0x0000000b13b00000,0x0000000b13c00000)]
  0x0000015855c5e800 JavaThread "jar transforms Thread 6" [_thread_blocked, id=25376, stack(0x0000000b13c00000,0x0000000b13d00000)]
  0x0000015855c5d800 JavaThread "jar transforms Thread 7" [_thread_blocked, id=11896, stack(0x0000000b13d00000,0x0000000b13e00000)]
  0x0000015855c5f000 JavaThread "jar transforms Thread 8" [_thread_blocked, id=10440, stack(0x0000000b13e00000,0x0000000b13f00000)]
  0x0000015855c60000 JavaThread "jar transforms Thread 9" [_thread_blocked, id=13256, stack(0x0000000b13f00000,0x0000000b14000000)]
  0x0000015855c5b000 JavaThread "jar transforms Thread 10" [_thread_blocked, id=4548, stack(0x0000000b14000000,0x0000000b14100000)]
  0x0000015855c63800 JavaThread "jar transforms Thread 11" [_thread_blocked, id=24624, stack(0x0000000b14100000,0x0000000b14200000)]
  0x0000015855c61800 JavaThread "jar transforms Thread 12" [_thread_blocked, id=4672, stack(0x0000000b14200000,0x0000000b14300000)]
  0x0000015855c62800 JavaThread "jar transforms Thread 13" [_thread_blocked, id=26952, stack(0x0000000b14300000,0x0000000b14400000)]
  0x0000015855c61000 JavaThread "jar transforms Thread 14" [_thread_blocked, id=26576, stack(0x0000000b14400000,0x0000000b14500000)]
  0x0000015855c64000 JavaThread "jar transforms Thread 15" [_thread_blocked, id=25948, stack(0x0000000b14500000,0x0000000b14600000)]
  0x0000015855c68000 JavaThread "jar transforms Thread 16" [_thread_blocked, id=25344, stack(0x0000000b14600000,0x0000000b14700000)]
  0x0000015855c65000 JavaThread "jar transforms Thread 17" [_thread_blocked, id=12760, stack(0x0000000b14700000,0x0000000b14800000)]
  0x0000015855c65800 JavaThread "jar transforms Thread 18" [_thread_blocked, id=25608, stack(0x0000000b14800000,0x0000000b14900000)]
  0x0000015855c69000 JavaThread "jar transforms Thread 19" [_thread_blocked, id=27592, stack(0x0000000b14900000,0x0000000b14a00000)]
  0x0000015855c67800 JavaThread "jar transforms Thread 20" [_thread_blocked, id=2876, stack(0x0000000b14a00000,0x0000000b14b00000)]
  0x0000015855c66800 JavaThread "jar transforms Thread 21" [_thread_blocked, id=25984, stack(0x0000000b14b00000,0x0000000b14c00000)]
  0x0000015855c6a000 JavaThread "jar transforms Thread 22" [_thread_blocked, id=4504, stack(0x0000000b14c00000,0x0000000b14d00000)]
  0x000001585752a000 JavaThread "jar transforms Thread 23" [_thread_blocked, id=8104, stack(0x0000000b14d00000,0x0000000b14e00000)]
  0x000001585752e000 JavaThread "jar transforms Thread 24" [_thread_blocked, id=19100, stack(0x0000000b14e00000,0x0000000b14f00000)]
  0x0000015857529000 JavaThread "jar transforms Thread 25" [_thread_blocked, id=25072, stack(0x0000000b14f00000,0x0000000b15000000)]
  0x000001585752a800 JavaThread "jar transforms Thread 26" [_thread_blocked, id=2524, stack(0x0000000b15000000,0x0000000b15100000)]
  0x000001585752d000 JavaThread "jar transforms Thread 27" [_thread_blocked, id=7812, stack(0x0000000b15100000,0x0000000b15200000)]
  0x0000015857528000 JavaThread "jar transforms Thread 28" [_thread_blocked, id=17332, stack(0x0000000b15200000,0x0000000b15300000)]
  0x000001585752e800 JavaThread "jar transforms Thread 29" [_thread_blocked, id=27052, stack(0x0000000b15300000,0x0000000b15400000)]
  0x000001585752f800 JavaThread "jar transforms Thread 30" [_thread_blocked, id=24048, stack(0x0000000b15400000,0x0000000b15500000)]
  0x0000015857530800 JavaThread "jar transforms Thread 31" [_thread_blocked, id=27104, stack(0x0000000b15500000,0x0000000b15600000)]
  0x000001585752c800 JavaThread "jar transforms Thread 32" [_thread_blocked, id=9640, stack(0x0000000b15600000,0x0000000b15700000)]
  0x000001585752b800 JavaThread "jar transforms Thread 33" [_thread_blocked, id=27056, stack(0x0000000b15700000,0x0000000b15800000)]
  0x0000015857532000 JavaThread "jar transforms Thread 34" [_thread_blocked, id=27008, stack(0x0000000b15800000,0x0000000b15900000)]
  0x0000015857535000 JavaThread "jar transforms Thread 35" [_thread_blocked, id=25168, stack(0x0000000b15900000,0x0000000b15a00000)]
  0x0000015857533000 JavaThread "jar transforms Thread 36" [_thread_blocked, id=568, stack(0x0000000b15a00000,0x0000000b15b00000)]
  0x0000015857536000 JavaThread "jar transforms Thread 37" [_thread_blocked, id=13888, stack(0x0000000b15b00000,0x0000000b15c00000)]
  0x0000015857533800 JavaThread "jar transforms Thread 38" [_thread_blocked, id=25760, stack(0x0000000b15c00000,0x0000000b15d00000)]
  0x0000015857534800 JavaThread "jar transforms Thread 39" [_thread_blocked, id=25368, stack(0x0000000b15d00000,0x0000000b15e00000)]
  0x0000015857537000 JavaThread "jar transforms Thread 40" [_thread_blocked, id=25812, stack(0x0000000b15e00000,0x0000000b15f00000)]
  0x0000015857531000 JavaThread "jar transforms Thread 41" [_thread_blocked, id=26312, stack(0x0000000b15f00000,0x0000000b16000000)]
  0x0000015856185000 JavaThread "jar transforms Thread 42" [_thread_blocked, id=26336, stack(0x0000000b16000000,0x0000000b16100000)]
  0x000001585617f000 JavaThread "jar transforms Thread 43" [_thread_blocked, id=12920, stack(0x0000000b16100000,0x0000000b16200000)]
  0x0000015856183000 JavaThread "jar transforms Thread 44" [_thread_blocked, id=25432, stack(0x0000000b16200000,0x0000000b16300000)]
  0x0000015856185800 JavaThread "jar transforms Thread 45" [_thread_blocked, id=26144, stack(0x0000000b16300000,0x0000000b16400000)]
  0x0000015856181800 JavaThread "jar transforms Thread 46" [_thread_blocked, id=10216, stack(0x0000000b16400000,0x0000000b16500000)]
  0x0000015856184000 JavaThread "jar transforms Thread 47" [_thread_blocked, id=26180, stack(0x0000000b16500000,0x0000000b16600000)]
  0x0000015856180000 JavaThread "jar transforms Thread 48" [_thread_blocked, id=23272, stack(0x0000000b16600000,0x0000000b16700000)]
  0x0000015856180800 JavaThread "jar transforms Thread 49" [_thread_blocked, id=10096, stack(0x0000000b16700000,0x0000000b16800000)]
  0x0000015856186800 JavaThread "jar transforms Thread 50" [_thread_blocked, id=13884, stack(0x0000000b16800000,0x0000000b16900000)]
  0x0000015856182800 JavaThread "jar transforms Thread 51" [_thread_blocked, id=20940, stack(0x0000000b16900000,0x0000000b16a00000)]
  0x0000015856189800 JavaThread "jar transforms Thread 52" [_thread_blocked, id=26468, stack(0x0000000b16a00000,0x0000000b16b00000)]
  0x0000015856188000 JavaThread "jar transforms Thread 53" [_thread_blocked, id=27352, stack(0x0000000b16b00000,0x0000000b16c00000)]
  0x000001585618d000 JavaThread "jar transforms Thread 54" [_thread_blocked, id=24976, stack(0x0000000b16c00000,0x0000000b16d00000)]
  0x000001585618b800 JavaThread "jar transforms Thread 55" [_thread_blocked, id=27488, stack(0x0000000b16d00000,0x0000000b16e00000)]
  0x000001585618c000 JavaThread "jar transforms Thread 56" [_thread_blocked, id=13724, stack(0x0000000b16e00000,0x0000000b16f00000)]
  0x0000015856189000 JavaThread "jar transforms Thread 57" [_thread_blocked, id=26156, stack(0x0000000b16f00000,0x0000000b17000000)]
  0x000001585618a800 JavaThread "jar transforms Thread 58" [_thread_blocked, id=19288, stack(0x0000000b17000000,0x0000000b17100000)]
  0x0000015856187000 JavaThread "jar transforms Thread 59" [_thread_blocked, id=26852, stack(0x0000000b17100000,0x0000000b17200000)]
  0x000001585618d800 JavaThread "jar transforms Thread 60" [_thread_blocked, id=24368, stack(0x0000000b17200000,0x0000000b17300000)]
  0x0000015855ba9000 JavaThread "jar transforms Thread 61" [_thread_blocked, id=9104, stack(0x0000000b17300000,0x0000000b17400000)]
  0x0000015855bab800 JavaThread "jar transforms Thread 62" [_thread_blocked, id=25992, stack(0x0000000b17400000,0x0000000b17500000)]
  0x0000015855baf800 JavaThread "jar transforms Thread 63" [_thread_blocked, id=27368, stack(0x0000000b17500000,0x0000000b17600000)]
  0x0000015855bab000 JavaThread "jar transforms Thread 64" [_thread_blocked, id=25504, stack(0x0000000b17600000,0x0000000b17700000)]
  0x0000015855bad000 JavaThread "jar transforms Thread 65" [_thread_blocked, id=27216, stack(0x0000000b17700000,0x0000000b17800000)]
  0x0000015855bac800 JavaThread "jar transforms Thread 66" [_thread_blocked, id=27232, stack(0x0000000b17800000,0x0000000b17900000)]
  0x0000015855bae000 JavaThread "jar transforms Thread 67" [_thread_blocked, id=25572, stack(0x0000000b17900000,0x0000000b17a00000)]
  0x0000015855baa000 JavaThread "jar transforms Thread 68" [_thread_blocked, id=17292, stack(0x0000000b17a00000,0x0000000b17b00000)]
  0x0000015855bb0800 JavaThread "jar transforms Thread 69" [_thread_blocked, id=26972, stack(0x0000000b17b00000,0x0000000b17c00000)]
  0x0000015855bb1800 JavaThread "jar transforms Thread 70" [_thread_blocked, id=25064, stack(0x0000000b17c00000,0x0000000b17d00000)]
  0x0000015855bb4800 JavaThread "jar transforms Thread 71" [_thread_blocked, id=26092, stack(0x0000000b17d00000,0x0000000b17e00000)]
  0x0000015855bb3800 JavaThread "jar transforms Thread 72" [_thread_blocked, id=15864, stack(0x0000000b17e00000,0x0000000b17f00000)]
  0x0000015855bb2000 JavaThread "jar transforms Thread 73" [_thread_blocked, id=25264, stack(0x0000000b17f00000,0x0000000b18000000)]
  0x0000015855bb3000 JavaThread "jar transforms Thread 74" [_thread_blocked, id=24424, stack(0x0000000b18000000,0x0000000b18100000)]
  0x0000015855baf000 JavaThread "jar transforms Thread 75" [_thread_blocked, id=10444, stack(0x0000000b18100000,0x0000000b18200000)]
  0x0000015855bb5800 JavaThread "jar transforms Thread 76" [_thread_blocked, id=15328, stack(0x0000000b18200000,0x0000000b18300000)]
  0x0000015855bb6000 JavaThread "jar transforms Thread 77" [_thread_blocked, id=26688, stack(0x0000000b18300000,0x0000000b18400000)]
  0x0000015855bb7000 JavaThread "jar transforms Thread 78" [_thread_blocked, id=25736, stack(0x0000000b18400000,0x0000000b18500000)]
  0x0000015855bb8000 JavaThread "jar transforms Thread 79" [_thread_blocked, id=27340, stack(0x0000000b18500000,0x0000000b18600000)]
  0x0000015857fa3800 JavaThread "jar transforms Thread 80" [_thread_blocked, id=27412, stack(0x0000000b18600000,0x0000000b18700000)]
  0x0000015857f9e800 JavaThread "jar transforms Thread 81" [_thread_blocked, id=25008, stack(0x0000000b18700000,0x0000000b18800000)]
  0x0000015857fa1800 JavaThread "jar transforms Thread 82" [_thread_blocked, id=25720, stack(0x0000000b18800000,0x0000000b18900000)]
  0x0000015857f9d800 JavaThread "jar transforms Thread 83" [_thread_blocked, id=24020, stack(0x0000000b18900000,0x0000000b18a00000)]
  0x0000015857fa4000 JavaThread "jar transforms Thread 84" [_thread_blocked, id=18420, stack(0x0000000b18a00000,0x0000000b18b00000)]
  0x0000015857fa5000 JavaThread "jar transforms Thread 85" [_thread_blocked, id=9804, stack(0x0000000b18b00000,0x0000000b18c00000)]
  0x0000015857fa2800 JavaThread "jar transforms Thread 86" [_thread_blocked, id=26396, stack(0x0000000b18c00000,0x0000000b18d00000)]
  0x0000015857f9f000 JavaThread "jar transforms Thread 87" [_thread_blocked, id=24076, stack(0x0000000b18d00000,0x0000000b18e00000)]
  0x0000015857fa0000 JavaThread "jar transforms Thread 88" [_thread_blocked, id=15032, stack(0x0000000b18e00000,0x0000000b18f00000)]
  0x0000015857fa5800 JavaThread "jar transforms Thread 89" [_thread_blocked, id=27512, stack(0x0000000b18f00000,0x0000000b19000000)]
  0x0000015857fa6800 JavaThread "jar transforms Thread 90" [_thread_blocked, id=26012, stack(0x0000000b19000000,0x0000000b19100000)]
  0x0000015857fa1000 JavaThread "jar transforms Thread 91" [_thread_blocked, id=27264, stack(0x0000000b19100000,0x0000000b19200000)]
  0x0000015857fa7800 JavaThread "jar transforms Thread 92" [_thread_blocked, id=27500, stack(0x0000000b19200000,0x0000000b19300000)]
  0x0000015857faa000 JavaThread "jar transforms Thread 93" [_thread_blocked, id=25860, stack(0x0000000b19300000,0x0000000b19400000)]
  0x0000015857faa800 JavaThread "jar transforms Thread 94" [_thread_blocked, id=18176, stack(0x0000000b19400000,0x0000000b19500000)]
  0x0000015857fab800 JavaThread "jar transforms Thread 95" [_thread_blocked, id=25724, stack(0x0000000b19500000,0x0000000b19600000)]
  0x0000015857fa8000 JavaThread "jar transforms Thread 96" [_thread_blocked, id=22944, stack(0x0000000b19600000,0x0000000b19700000)]
  0x0000015857fac800 JavaThread "jar transforms Thread 97" [_thread_blocked, id=24676, stack(0x0000000b19700000,0x0000000b19800000)]
  0x0000015857fa9000 JavaThread "jar transforms Thread 98" [_thread_blocked, id=13900, stack(0x0000000b19800000,0x0000000b19900000)]
  0x000001585620f800 JavaThread "jar transforms Thread 99" [_thread_blocked, id=10220, stack(0x0000000b19900000,0x0000000b19a00000)]
  0x0000015856211000 JavaThread "jar transforms Thread 100" [_thread_blocked, id=26392, stack(0x0000000b19a00000,0x0000000b19b00000)]
  0x0000015856210800 JavaThread "jar transforms Thread 101" [_thread_blocked, id=26480, stack(0x0000000b19b00000,0x0000000b19c00000)]
  0x000001585620b800 JavaThread "jar transforms Thread 102" [_thread_blocked, id=25680, stack(0x0000000b19c00000,0x0000000b19d00000)]
  0x000001585620e800 JavaThread "jar transforms Thread 103" [_thread_blocked, id=22308, stack(0x0000000b19d00000,0x0000000b19e00000)]
  0x000001585620e000 JavaThread "jar transforms Thread 104" [_thread_blocked, id=17672, stack(0x0000000b19e00000,0x0000000b19f00000)]
  0x0000015856212000 JavaThread "jar transforms Thread 105" [_thread_blocked, id=16584, stack(0x0000000b19f00000,0x0000000b1a000000)]
  0x000001585620c800 JavaThread "jar transforms Thread 106" [_thread_blocked, id=7608, stack(0x0000000b1a000000,0x0000000b1a100000)]
  0x000001585620d000 JavaThread "jar transforms Thread 107" [_thread_blocked, id=25020, stack(0x0000000b1a100000,0x0000000b1a200000)]
  0x0000015856214800 JavaThread "jar transforms Thread 108" [_thread_blocked, id=23520, stack(0x0000000b1a200000,0x0000000b1a300000)]
  0x0000015856217000 JavaThread "jar transforms Thread 109" [_thread_blocked, id=25804, stack(0x0000000b1a300000,0x0000000b1a400000)]
  0x0000015856213000 JavaThread "jar transforms Thread 110" [_thread_blocked, id=26648, stack(0x0000000b1a400000,0x0000000b1a500000)]
  0x0000015856217800 JavaThread "jar transforms Thread 111" [_thread_blocked, id=17540, stack(0x0000000b1a500000,0x0000000b1a600000)]
  0x0000015856215800 JavaThread "jar transforms Thread 112" [_thread_blocked, id=2544, stack(0x0000000b1a600000,0x0000000b1a700000)]
  0x0000015856218800 JavaThread "jar transforms Thread 113" [_thread_blocked, id=14628, stack(0x0000000b1a700000,0x0000000b1a800000)]
  0x0000015856216000 JavaThread "jar transforms Thread 114" [_thread_blocked, id=23628, stack(0x0000000b1a800000,0x0000000b1a900000)]
  0x0000015856219800 JavaThread "jar transforms Thread 115" [_thread_blocked, id=25952, stack(0x0000000b1a900000,0x0000000b1aa00000)]
  0x0000015856213800 JavaThread "jar transforms Thread 116" [_thread_blocked, id=26900, stack(0x0000000b1aa00000,0x0000000b1ab00000)]
  0x000001585621a000 JavaThread "Memory manager" [_thread_blocked, id=25684, stack(0x0000000b1ac00000,0x0000000b1ad00000)]

Other Threads:
  0x0000015854804000 VMThread "VM Thread" [stack: 0x0000000b0ff00000,0x0000000b10000000] [id=27268]
  0x0000015855337800 WatcherThread [stack: 0x0000000b10900000,0x0000000b10a00000] [id=24880]
  0x0000015839901800 GCTaskThread "GC Thread#0" [stack: 0x0000000b0fa00000,0x0000000b0fb00000] [id=24816]
  0x00000158560b0000 GCTaskThread "GC Thread#1" [stack: 0x0000000b10a00000,0x0000000b10b00000] [id=27064]
  0x00000158560b1000 GCTaskThread "GC Thread#2" [stack: 0x0000000b10b00000,0x0000000b10c00000] [id=27620]
  0x0000015856eed000 GCTaskThread "GC Thread#3" [stack: 0x0000000b11800000,0x0000000b11900000] [id=5828]
  0x0000015856d6c000 GCTaskThread "GC Thread#4" [stack: 0x0000000b11900000,0x0000000b11a00000] [id=26416]
  0x0000015856d80800 GCTaskThread "GC Thread#5" [stack: 0x0000000b11a00000,0x0000000b11b00000] [id=26756]
  0x0000015856df6800 GCTaskThread "GC Thread#6" [stack: 0x0000000b11b00000,0x0000000b11c00000] [id=600]
  0x0000015856ee6000 GCTaskThread "GC Thread#7" [stack: 0x0000000b11c00000,0x0000000b11d00000] [id=26332]
  0x0000015856de9800 GCTaskThread "GC Thread#8" [stack: 0x0000000b11d00000,0x0000000b11e00000] [id=21508]
  0x00000158571e0800 GCTaskThread "GC Thread#9" [stack: 0x0000000b11e00000,0x0000000b11f00000] [id=19072]
  0x0000015839933000 ConcurrentGCThread "G1 Main Marker" [stack: 0x0000000b0fb00000,0x0000000b0fc00000] [id=25112]
  0x0000015839938800 ConcurrentGCThread "G1 Conc#0" [stack: 0x0000000b0fc00000,0x0000000b0fd00000] [id=26464]
  0x000001585550e800 ConcurrentGCThread "G1 Conc#1" [stack: 0x0000000b12100000,0x0000000b12200000] [id=1212]
  0x000001585550f000 ConcurrentGCThread "G1 Conc#2" [stack: 0x0000000b12200000,0x0000000b12300000] [id=10876]
  0x0000015854651800 ConcurrentGCThread "G1 Refine#0" [stack: 0x0000000b0fd00000,0x0000000b0fe00000] [id=25420]
  0x0000015854652000 ConcurrentGCThread "G1 Young RemSet Sampling" [stack: 0x0000000b0fe00000,0x0000000b0ff00000] [id=5064]

Threads with active compile tasks:
C2 CompilerThread0  21950 6346       4       java.lang.String::endsWith (15 bytes)

VM state:synchronizing (normal execution)

VM Mutex/Monitor currently owned by a thread:  ([mutex/lock_event])
[0x00000158398e6150] Threads_lock - owner thread: 0x0000015854804000

Heap address: 0x0000000080000000, size: 2048 MB, Compressed Oops mode: 32-bit
Narrow klass base: 0x0000000000000000, Narrow klass shift: 3
Compressed class space size: 1073741824 Address: 0x0000000100000000

Heap:
 garbage-first heap   total 129024K, used 65764K [0x0000000080000000, 0x0000000100000000)
  region size 1024K, 19 young (19456K), 7 survivors (7168K)
 Metaspace       used 67734K, capacity 69309K, committed 69504K, reserved 1110016K
  class space    used 8773K, capacity 9315K, committed 9344K, reserved 1048576K
Heap Regions: E=young(eden), S=young(survivor), O=old, HS=humongous(starts), HC=humongous(continues), CS=collection set, F=free, A=archive, TAMS=top-at-mark-start (previous, next)
|   0|0x0000000080000000, 0x0000000080100000, 0x0000000080100000|100%| O|  |TAMS 0x0000000080100000, 0x0000000080000000| Untracked 
|   1|0x0000000080100000, 0x0000000080200000, 0x0000000080200000|100%| O|  |TAMS 0x0000000080200000, 0x0000000080100000| Untracked 
|   2|0x0000000080200000, 0x0000000080300000, 0x0000000080300000|100%| O|  |TAMS 0x0000000080300000, 0x0000000080200000| Untracked 
|   3|0x0000000080300000, 0x0000000080400000, 0x0000000080400000|100%|HS|  |TAMS 0x0000000080400000, 0x0000000080300000| Complete 
|   4|0x0000000080400000, 0x0000000080500000, 0x0000000080500000|100%|HC|  |TAMS 0x0000000080500000, 0x0000000080400000| Complete 
|   5|0x0000000080500000, 0x0000000080600000, 0x0000000080600000|100%|HC|  |TAMS 0x0000000080600000, 0x0000000080500000| Complete 
|   6|0x0000000080600000, 0x0000000080700000, 0x0000000080700000|100%| O|  |TAMS 0x0000000080700000, 0x0000000080600000| Untracked 
|   7|0x0000000080700000, 0x0000000080800000, 0x0000000080800000|100%| O|  |TAMS 0x0000000080800000, 0x0000000080700000| Untracked 
|   8|0x0000000080800000, 0x0000000080900000, 0x0000000080900000|100%| O|  |TAMS 0x0000000080900000, 0x0000000080800000| Untracked 
|   9|0x0000000080900000, 0x0000000080a00000, 0x0000000080a00000|100%| O|  |TAMS 0x0000000080a00000, 0x0000000080900000| Untracked 
|  10|0x0000000080a00000, 0x0000000080b00000, 0x0000000080b00000|100%| O|  |TAMS 0x0000000080b00000, 0x0000000080a00000| Untracked 
|  11|0x0000000080b00000, 0x0000000080c00000, 0x0000000080c00000|100%| O|  |TAMS 0x0000000080c00000, 0x0000000080b00000| Untracked 
|  12|0x0000000080c00000, 0x0000000080d00000, 0x0000000080d00000|100%| O|  |TAMS 0x0000000080d00000, 0x0000000080c00000| Untracked 
|  13|0x0000000080d00000, 0x0000000080e00000, 0x0000000080e00000|100%| O|  |TAMS 0x0000000080e00000, 0x0000000080d00000| Untracked 
|  14|0x0000000080e00000, 0x0000000080f00000, 0x0000000080f00000|100%| O|  |TAMS 0x0000000080f00000, 0x0000000080e00000| Untracked 
|  15|0x0000000080f00000, 0x0000000081000000, 0x0000000081000000|100%| O|  |TAMS 0x0000000081000000, 0x0000000080f00000| Untracked 
|  16|0x0000000081000000, 0x0000000081100000, 0x0000000081100000|100%| O|  |TAMS 0x0000000081100000, 0x0000000081000000| Untracked 
|  17|0x0000000081100000, 0x0000000081200000, 0x0000000081200000|100%| O|  |TAMS 0x0000000081200000, 0x0000000081100000| Untracked 
|  18|0x0000000081200000, 0x0000000081300000, 0x0000000081300000|100%|HS|  |TAMS 0x0000000081300000, 0x0000000081200000| Complete 
|  19|0x0000000081300000, 0x0000000081400000, 0x0000000081400000|100%| O|  |TAMS 0x0000000081400000, 0x0000000081300000| Untracked 
|  20|0x0000000081400000, 0x0000000081500000, 0x0000000081500000|100%| O|  |TAMS 0x0000000081500000, 0x0000000081400000| Untracked 
|  21|0x0000000081500000, 0x0000000081600000, 0x0000000081600000|100%| O|  |TAMS 0x0000000081600000, 0x0000000081500000| Untracked 
|  22|0x0000000081600000, 0x0000000081700000, 0x0000000081700000|100%|HS|  |TAMS 0x0000000081700000, 0x0000000081600000| Complete 
|  23|0x0000000081700000, 0x0000000081800000, 0x0000000081800000|100%|HC|  |TAMS 0x0000000081800000, 0x0000000081700000| Complete 
|  24|0x0000000081800000, 0x0000000081900000, 0x0000000081900000|100%|HC|  |TAMS 0x0000000081900000, 0x0000000081800000| Complete 
|  25|0x0000000081900000, 0x0000000081a00000, 0x0000000081a00000|100%|HS|  |TAMS 0x0000000081a00000, 0x0000000081900000| Complete 
|  26|0x0000000081a00000, 0x0000000081b00000, 0x0000000081b00000|100%|HC|  |TAMS 0x0000000081b00000, 0x0000000081a00000| Complete 
|  27|0x0000000081b00000, 0x0000000081c00000, 0x0000000081c00000|100%| O|  |TAMS 0x0000000081c00000, 0x0000000081b00000| Untracked 
|  28|0x0000000081c00000, 0x0000000081d00000, 0x0000000081d00000|100%| O|  |TAMS 0x0000000081d00000, 0x0000000081c00000| Untracked 
|  29|0x0000000081d00000, 0x0000000081e00000, 0x0000000081e00000|100%| O|  |TAMS 0x0000000081e00000, 0x0000000081d00000| Untracked 
|  30|0x0000000081e00000, 0x0000000081f00000, 0x0000000081f00000|100%| O|  |TAMS 0x0000000081f00000, 0x0000000081e00000| Untracked 
|  31|0x0000000081f00000, 0x0000000082000000, 0x0000000082000000|100%| O|  |TAMS 0x0000000082000000, 0x0000000081f00000| Untracked 
|  32|0x0000000082000000, 0x0000000082100000, 0x0000000082100000|100%| O|  |TAMS 0x0000000082100000, 0x0000000082000000| Untracked 
|  33|0x0000000082100000, 0x0000000082200000, 0x0000000082200000|100%| O|  |TAMS 0x0000000082200000, 0x0000000082100000| Untracked 
|  34|0x0000000082200000, 0x0000000082300000, 0x0000000082300000|100%| O|  |TAMS 0x0000000082300000, 0x0000000082200000| Untracked 
|  35|0x0000000082300000, 0x0000000082400000, 0x0000000082400000|100%| O|  |TAMS 0x0000000082400000, 0x0000000082300000| Untracked 
|  36|0x0000000082400000, 0x0000000082500000, 0x0000000082500000|100%| O|  |TAMS 0x0000000082500000, 0x0000000082400000| Untracked 
|  37|0x0000000082500000, 0x0000000082600000, 0x0000000082600000|100%| O|  |TAMS 0x0000000082600000, 0x0000000082500000| Untracked 
|  38|0x0000000082600000, 0x0000000082700000, 0x0000000082700000|100%| O|  |TAMS 0x0000000082700000, 0x0000000082600000| Untracked 
|  39|0x0000000082700000, 0x0000000082800000, 0x0000000082800000|100%| O|  |TAMS 0x0000000082800000, 0x0000000082700000| Untracked 
|  40|0x0000000082800000, 0x0000000082900000, 0x0000000082900000|100%| O|  |TAMS 0x0000000082900000, 0x0000000082800000| Untracked 
|  41|0x0000000082900000, 0x0000000082a00000, 0x0000000082a00000|100%| O|  |TAMS 0x00000000829f4400, 0x0000000082900000| Untracked 
|  42|0x0000000082a00000, 0x0000000082b00000, 0x0000000082b00000|100%| O|  |TAMS 0x0000000082a00000, 0x0000000082a00000| Untracked 
|  43|0x0000000082b00000, 0x0000000082c00000, 0x0000000082c00000|100%| O|  |TAMS 0x0000000082b00000, 0x0000000082b00000| Untracked 
|  44|0x0000000082c00000, 0x0000000082d00000, 0x0000000082d00000|100%| O|  |TAMS 0x0000000082c00000, 0x0000000082c00000| Untracked 
|  45|0x0000000082d00000, 0x0000000082e00000, 0x0000000082e00000|100%| O|  |TAMS 0x0000000082d00000, 0x0000000082d00000| Untracked 
|  46|0x0000000082e00000, 0x0000000082ed8000, 0x0000000082f00000| 84%| O|  |TAMS 0x0000000082e00000, 0x0000000082e00000| Untracked 
|  47|0x0000000082f00000, 0x0000000082f00000, 0x0000000083000000|  0%| F|  |TAMS 0x0000000082f00000, 0x0000000082f00000| Untracked 
|  48|0x0000000083000000, 0x0000000083000000, 0x0000000083100000|  0%| F|  |TAMS 0x0000000083000000, 0x0000000083000000| Untracked 
|  49|0x0000000083100000, 0x0000000083100000, 0x0000000083200000|  0%| F|  |TAMS 0x0000000083100000, 0x0000000083100000| Untracked 
|  50|0x0000000083200000, 0x0000000083200000, 0x0000000083300000|  0%| F|  |TAMS 0x0000000083200000, 0x0000000083200000| Untracked 
|  51|0x0000000083300000, 0x0000000083300000, 0x0000000083400000|  0%| F|  |TAMS 0x0000000083300000, 0x0000000083300000| Untracked 
|  52|0x0000000083400000, 0x0000000083400000, 0x0000000083500000|  0%| F|  |TAMS 0x0000000083400000, 0x0000000083400000| Untracked 
|  53|0x0000000083500000, 0x0000000083500000, 0x0000000083600000|  0%| F|  |TAMS 0x0000000083500000, 0x0000000083500000| Untracked 
|  54|0x0000000083600000, 0x0000000083600000, 0x0000000083700000|  0%| F|  |TAMS 0x0000000083600000, 0x0000000083600000| Untracked 
|  55|0x0000000083700000, 0x0000000083700000, 0x0000000083800000|  0%| F|  |TAMS 0x0000000083700000, 0x0000000083700000| Untracked 
|  56|0x0000000083800000, 0x0000000083800000, 0x0000000083900000|  0%| F|  |TAMS 0x0000000083800000, 0x0000000083800000| Untracked 
|  57|0x0000000083900000, 0x0000000083900000, 0x0000000083a00000|  0%| F|  |TAMS 0x0000000083900000, 0x0000000083900000| Untracked 
|  58|0x0000000083a00000, 0x0000000083a00000, 0x0000000083b00000|  0%| F|  |TAMS 0x0000000083a00000, 0x0000000083a00000| Untracked 
|  59|0x0000000083b00000, 0x0000000083b00000, 0x0000000083c00000|  0%| F|  |TAMS 0x0000000083b00000, 0x0000000083b00000| Untracked 
|  60|0x0000000083c00000, 0x0000000083c00000, 0x0000000083d00000|  0%| F|  |TAMS 0x0000000083c00000, 0x0000000083c00000| Untracked 
|  61|0x0000000083d00000, 0x0000000083d00000, 0x0000000083e00000|  0%| F|  |TAMS 0x0000000083d00000, 0x0000000083d00000| Untracked 
|  62|0x0000000083e00000, 0x0000000083e00000, 0x0000000083f00000|  0%| F|  |TAMS 0x0000000083e00000, 0x0000000083e00000| Untracked 
|  63|0x0000000083f00000, 0x0000000083f00000, 0x0000000084000000|  0%| F|  |TAMS 0x0000000083f00000, 0x0000000083f00000| Untracked 
|  64|0x0000000084000000, 0x0000000084000000, 0x0000000084100000|  0%| F|  |TAMS 0x0000000084000000, 0x0000000084000000| Untracked 
|  65|0x0000000084100000, 0x0000000084100000, 0x0000000084200000|  0%| F|  |TAMS 0x0000000084100000, 0x0000000084100000| Untracked 
|  66|0x0000000084200000, 0x0000000084200000, 0x0000000084300000|  0%| F|  |TAMS 0x0000000084200000, 0x0000000084200000| Untracked 
|  67|0x0000000084300000, 0x0000000084300000, 0x0000000084400000|  0%| F|  |TAMS 0x0000000084300000, 0x0000000084300000| Untracked 
|  68|0x0000000084400000, 0x0000000084400000, 0x0000000084500000|  0%| F|  |TAMS 0x0000000084400000, 0x0000000084400000| Untracked 
|  69|0x0000000084500000, 0x0000000084500000, 0x0000000084600000|  0%| F|  |TAMS 0x0000000084500000, 0x0000000084500000| Untracked 
|  70|0x0000000084600000, 0x0000000084600000, 0x0000000084700000|  0%| F|  |TAMS 0x0000000084600000, 0x0000000084600000| Untracked 
|  71|0x0000000084700000, 0x0000000084700000, 0x0000000084800000|  0%| F|  |TAMS 0x0000000084700000, 0x0000000084700000| Untracked 
|  72|0x0000000084800000, 0x0000000084800000, 0x0000000084900000|  0%| F|  |TAMS 0x0000000084800000, 0x0000000084800000| Untracked 
|  73|0x0000000084900000, 0x0000000084900000, 0x0000000084a00000|  0%| F|  |TAMS 0x0000000084900000, 0x0000000084900000| Untracked 
|  74|0x0000000084a00000, 0x0000000084a00000, 0x0000000084b00000|  0%| F|  |TAMS 0x0000000084a00000, 0x0000000084a00000| Untracked 
|  75|0x0000000084b00000, 0x0000000084b61220, 0x0000000084c00000| 37%| S|CS|TAMS 0x0000000084b00000, 0x0000000084b00000| Complete 
|  76|0x0000000084c00000, 0x0000000084d00000, 0x0000000084d00000|100%| S|CS|TAMS 0x0000000084c00000, 0x0000000084c00000| Complete 
|  77|0x0000000084d00000, 0x0000000084e00000, 0x0000000084e00000|100%| S|CS|TAMS 0x0000000084d00000, 0x0000000084d00000| Complete 
|  78|0x0000000084e00000, 0x0000000084f00000, 0x0000000084f00000|100%| S|CS|TAMS 0x0000000084e00000, 0x0000000084e00000| Complete 
|  79|0x0000000084f00000, 0x0000000085000000, 0x0000000085000000|100%| S|CS|TAMS 0x0000000084f00000, 0x0000000084f00000| Complete 
|  80|0x0000000085000000, 0x0000000085100000, 0x0000000085100000|100%| S|CS|TAMS 0x0000000085000000, 0x0000000085000000| Complete 
|  81|0x0000000085100000, 0x0000000085200000, 0x0000000085200000|100%| S|CS|TAMS 0x0000000085100000, 0x0000000085100000| Complete 
|  82|0x0000000085200000, 0x0000000085200000, 0x0000000085300000|  0%| F|  |TAMS 0x0000000085200000, 0x0000000085200000| Untracked 
|  83|0x0000000085300000, 0x0000000085300000, 0x0000000085400000|  0%| F|  |TAMS 0x0000000085300000, 0x0000000085300000| Untracked 
|  84|0x0000000085400000, 0x0000000085400000, 0x0000000085500000|  0%| F|  |TAMS 0x0000000085400000, 0x0000000085400000| Untracked 
|  85|0x0000000085500000, 0x0000000085500000, 0x0000000085600000|  0%| F|  |TAMS 0x0000000085500000, 0x0000000085500000| Untracked 
|  86|0x0000000085600000, 0x0000000085600000, 0x0000000085700000|  0%| F|  |TAMS 0x0000000085600000, 0x0000000085600000| Untracked 
|  87|0x0000000085700000, 0x0000000085700000, 0x0000000085800000|  0%| F|  |TAMS 0x0000000085700000, 0x0000000085700000| Untracked 
|  88|0x0000000085800000, 0x0000000085800000, 0x0000000085900000|  0%| F|  |TAMS 0x0000000085800000, 0x0000000085800000| Untracked 
|  89|0x0000000085900000, 0x0000000085900000, 0x0000000085a00000|  0%| F|  |TAMS 0x0000000085900000, 0x0000000085900000| Untracked 
|  90|0x0000000085a00000, 0x0000000085a00000, 0x0000000085b00000|  0%| F|  |TAMS 0x0000000085a00000, 0x0000000085a00000| Untracked 
|  91|0x0000000085b00000, 0x0000000085b00000, 0x0000000085c00000|  0%| F|  |TAMS 0x0000000085b00000, 0x0000000085b00000| Untracked 
|  92|0x0000000085c00000, 0x0000000085c00000, 0x0000000085d00000|  0%| F|  |TAMS 0x0000000085c00000, 0x0000000085c00000| Untracked 
|  93|0x0000000085d00000, 0x0000000085d00000, 0x0000000085e00000|  0%| F|  |TAMS 0x0000000085d00000, 0x0000000085d00000| Untracked 
|  94|0x0000000085e00000, 0x0000000085e00000, 0x0000000085f00000|  0%| F|  |TAMS 0x0000000085e00000, 0x0000000085e00000| Untracked 
|  95|0x0000000085f00000, 0x0000000085f00000, 0x0000000086000000|  0%| F|  |TAMS 0x0000000085f00000, 0x0000000085f00000| Untracked 
|  96|0x0000000086000000, 0x0000000086000000, 0x0000000086100000|  0%| F|  |TAMS 0x0000000086000000, 0x0000000086000000| Untracked 
|  97|0x0000000086100000, 0x0000000086100000, 0x0000000086200000|  0%| F|  |TAMS 0x0000000086100000, 0x0000000086100000| Untracked 
|  98|0x0000000086200000, 0x0000000086200000, 0x0000000086300000|  0%| F|  |TAMS 0x0000000086200000, 0x0000000086200000| Untracked 
|  99|0x0000000086300000, 0x0000000086300000, 0x0000000086400000|  0%| F|  |TAMS 0x0000000086300000, 0x0000000086300000| Untracked 
| 100|0x0000000086400000, 0x0000000086400000, 0x0000000086500000|  0%| F|  |TAMS 0x0000000086400000, 0x0000000086400000| Untracked 
| 101|0x0000000086500000, 0x0000000086500000, 0x0000000086600000|  0%| F|  |TAMS 0x0000000086500000, 0x0000000086500000| Untracked 
| 102|0x0000000086600000, 0x0000000086600000, 0x0000000086700000|  0%| F|  |TAMS 0x0000000086600000, 0x0000000086600000| Untracked 
| 103|0x0000000086700000, 0x0000000086700000, 0x0000000086800000|  0%| F|  |TAMS 0x0000000086700000, 0x0000000086700000| Untracked 
| 104|0x0000000086800000, 0x0000000086800000, 0x0000000086900000|  0%| F|  |TAMS 0x0000000086800000, 0x0000000086800000| Untracked 
| 105|0x0000000086900000, 0x0000000086900000, 0x0000000086a00000|  0%| F|  |TAMS 0x0000000086900000, 0x0000000086900000| Untracked 
| 106|0x0000000086a00000, 0x0000000086a00000, 0x0000000086b00000|  0%| F|  |TAMS 0x0000000086a00000, 0x0000000086a00000| Untracked 
| 107|0x0000000086b00000, 0x0000000086b00000, 0x0000000086c00000|  0%| F|  |TAMS 0x0000000086b00000, 0x0000000086b00000| Untracked 
| 108|0x0000000086c00000, 0x0000000086c00000, 0x0000000086d00000|  0%| F|  |TAMS 0x0000000086c00000, 0x0000000086c00000| Untracked 
| 109|0x0000000086d00000, 0x0000000086d00000, 0x0000000086e00000|  0%| F|  |TAMS 0x0000000086d00000, 0x0000000086d00000| Untracked 
| 110|0x0000000086e00000, 0x0000000086e00000, 0x0000000086f00000|  0%| F|  |TAMS 0x0000000086e00000, 0x0000000086e00000| Untracked 
| 111|0x0000000086f00000, 0x0000000086f00000, 0x0000000087000000|  0%| F|  |TAMS 0x0000000086f00000, 0x0000000086f00000| Untracked 
| 112|0x0000000087000000, 0x0000000087000000, 0x0000000087100000|  0%| F|  |TAMS 0x0000000087000000, 0x0000000087000000| Untracked 
| 113|0x0000000087100000, 0x0000000087100000, 0x0000000087200000|  0%| F|  |TAMS 0x0000000087100000, 0x0000000087100000| Untracked 
| 114|0x0000000087200000, 0x0000000087280800, 0x0000000087300000| 50%| E|  |TAMS 0x0000000087200000, 0x0000000087200000| Complete 
| 115|0x0000000087300000, 0x0000000087400000, 0x0000000087400000|100%| E|CS|TAMS 0x0000000087300000, 0x0000000087300000| Complete 
| 116|0x0000000087400000, 0x0000000087500000, 0x0000000087500000|100%| E|CS|TAMS 0x0000000087400000, 0x0000000087400000| Complete 
| 117|0x0000000087500000, 0x0000000087600000, 0x0000000087600000|100%| E|CS|TAMS 0x0000000087500000, 0x0000000087500000| Complete 
| 118|0x0000000087600000, 0x0000000087700000, 0x0000000087700000|100%| E|CS|TAMS 0x0000000087600000, 0x0000000087600000| Complete 
| 119|0x0000000087700000, 0x0000000087800000, 0x0000000087800000|100%| E|CS|TAMS 0x0000000087700000, 0x0000000087700000| Complete 
| 120|0x0000000087800000, 0x0000000087900000, 0x0000000087900000|100%| E|CS|TAMS 0x0000000087800000, 0x0000000087800000| Complete 
| 121|0x0000000087900000, 0x0000000087a00000, 0x0000000087a00000|100%| E|CS|TAMS 0x0000000087900000, 0x0000000087900000| Complete 
| 122|0x0000000087a00000, 0x0000000087b00000, 0x0000000087b00000|100%| E|CS|TAMS 0x0000000087a00000, 0x0000000087a00000| Complete 
| 123|0x0000000087b00000, 0x0000000087c00000, 0x0000000087c00000|100%| E|CS|TAMS 0x0000000087b00000, 0x0000000087b00000| Complete 
| 124|0x0000000087c00000, 0x0000000087d00000, 0x0000000087d00000|100%| E|CS|TAMS 0x0000000087c00000, 0x0000000087c00000| Complete 
| 125|0x0000000087d00000, 0x0000000087e00000, 0x0000000087e00000|100%| E|CS|TAMS 0x0000000087d00000, 0x0000000087d00000| Complete 

Card table byte_map: [0x000001584d300000,0x000001584d700000] _byte_map_base: 0x000001584cf00000

Marking Bits (Prev, Next): (CMBitMap*) 0x000001583992a060, (CMBitMap*) 0x000001583992a028
 Prev Bits: [0x000001584fb00000, 0x0000015851b00000)
 Next Bits: [0x000001584db00000, 0x000001584fb00000)

Polling page: 0x0000015837e60000

Metaspace:

Usage:
  Non-class:     58.59 MB capacity,    57.58 MB ( 98%) used,   881.85 KB (  1%) free+waste,   151.88 KB ( <1%) overhead. 
      Class:      9.10 MB capacity,     8.57 MB ( 94%) used,   470.23 KB (  5%) free+waste,    71.00 KB ( <1%) overhead. 
       Both:     67.68 MB capacity,    66.15 MB ( 98%) used,     1.32 MB (  2%) free+waste,   222.88 KB ( <1%) overhead. 

Virtual space:
  Non-class space:       60.00 MB reserved,      58.75 MB ( 98%) committed 
      Class space:        1.00 GB reserved,       9.13 MB ( <1%) committed 
             Both:        1.06 GB reserved,      67.88 MB (  6%) committed 

Chunk freelists:
   Non-Class:  38.00 KB
       Class:  0 bytes
        Both:  38.00 KB

MaxMetaspaceSize: 17179869184.00 GB
CompressedClassSpaceSize: 1.00 GB

CodeHeap 'non-profiled nmethods': size=120000Kb used=3771Kb max_used=3771Kb free=116228Kb
 bounds [0x0000015844d40000, 0x00000158450f0000, 0x000001584c270000]
CodeHeap 'profiled nmethods': size=120000Kb used=12870Kb max_used=12870Kb free=107129Kb
 bounds [0x000001583d810000, 0x000001583e4b0000, 0x0000015844d40000]
CodeHeap 'non-nmethods': size=5760Kb used=2236Kb max_used=2291Kb free=3524Kb
 bounds [0x000001583d270000, 0x000001583d4e0000, 0x000001583d810000]
 total_blobs=6912 nmethods=6093 adapters=730
 compilation: enabled
              stopped_count=0, restarted_count=0
 full_count=0

Compilation events (20 events):
Event: 21.805 Thread 0x0000015855199800 nmethod 6338 0x000001583e49d510 code [0x000001583e49d6e0, 0x000001583e49d988]
Event: 21.805 Thread 0x0000015855199800 6340       3       org.gradle.api.internal.artifacts.ivyservice.resolveengine.result.ComponentIdentifierSerializer$Implementation::access$000 (5 bytes)
Event: 21.805 Thread 0x0000015855199800 nmethod 6340 0x000001583e49da90 code [0x000001583e49dc40, 0x000001583e49dd58]
Event: 21.805 Thread 0x0000015855199800 6339   !   3       org.gradle.internal.serialize.kryo.StringDeduplicatingKryoBackedDecoder::readByte (15 bytes)
Event: 21.805 Thread 0x0000015855199800 nmethod 6339 0x000001583e49de10 code [0x000001583e49e040, 0x000001583e49e688]
Event: 21.805 Thread 0x0000015855199800 6337       1       org.gradle.internal.component.external.model.ImmutableCapability::hashCode (5 bytes)
Event: 21.805 Thread 0x0000015855199800 nmethod 6337 0x00000158450ee790 code [0x00000158450ee940, 0x00000158450ee9f8]
Event: 21.805 Thread 0x0000015855199800 6341   !   3       org.gradle.internal.serialize.kryo.StringDeduplicatingKryoBackedDecoder::readSmallInt (16 bytes)
Event: 21.805 Thread 0x0000015855199800 nmethod 6341 0x000001583e49e990 code [0x000001583e49ebc0, 0x000001583e49f1a8]
Event: 21.805 Thread 0x0000015855199800 6343       3       com.esotericsoftware.kryo.io.Input::require (220 bytes)
Event: 21.806 Thread 0x0000015855199800 nmethod 6343 0x000001583e49f410 code [0x000001583e49f700, 0x000001583e4a04b8]
Event: 21.806 Thread 0x0000015855199800 6342       3       org.gradle.api.internal.artifacts.DefaultImmutableModuleIdentifierFactory::module (74 bytes)
Event: 21.806 Thread 0x0000015855198000 6346       4       java.lang.String::endsWith (15 bytes)
Event: 21.806 Thread 0x0000015855199800 nmethod 6342 0x000001583e4a0a10 code [0x000001583e4a0c60, 0x000001583e4a1668]
Event: 21.806 Thread 0x0000015855199800 6344       1       org.gradle.api.artifacts.result.ComponentSelectionCause::getDefaultReason (5 bytes)
Event: 21.806 Thread 0x0000015855199800 nmethod 6344 0x00000158450eea90 code [0x00000158450eec40, 0x00000158450eecf8]
Event: 21.806 Thread 0x0000015855199800 6345       3       org.gradle.api.internal.attributes.UsageCompatibilityHandler::doConcat (201 bytes)
Event: 21.807 Thread 0x0000015855199800 nmethod 6345 0x000001583e4a1910 code [0x000001583e4a1c60, 0x000001583e4a2e78]
Event: 21.807 Thread 0x0000015855199800 6347       3       java.util.ArrayDeque::<init> (35 bytes)
Event: 21.807 Thread 0x0000015855199800 nmethod 6347 0x000001583e4a3490 code [0x000001583e4a3660, 0x000001583e4a39b8]

GC Heap History (20 events):
Event: 5.975 GC heap before
{Heap before GC invocations=2 (full 0):
 garbage-first heap   total 129024K, used 27535K [0x0000000080000000, 0x0000000100000000)
  region size 1024K, 23 young (23552K), 10 survivors (10240K)
 Metaspace       used 20607K, capacity 21111K, committed 21248K, reserved 1067008K
  class space    used 2525K, capacity 2712K, committed 2816K, reserved 1048576K
}
Event: 5.983 GC heap after
{Heap after GC invocations=3 (full 0):
 garbage-first heap   total 129024K, used 16165K [0x0000000080000000, 0x0000000100000000)
  region size 1024K, 1 young (1024K), 1 survivors (1024K)
 Metaspace       used 20607K, capacity 21111K, committed 21248K, reserved 1067008K
  class space    used 2525K, capacity 2712K, committed 2816K, reserved 1048576K
}
Event: 7.661 GC heap before
{Heap before GC invocations=4 (full 0):
 garbage-first heap   total 129024K, used 85797K [0x0000000080000000, 0x0000000100000000)
  region size 1024K, 69 young (70656K), 1 survivors (1024K)
 Metaspace       used 27922K, capacity 28573K, committed 28800K, reserved 1075200K
  class space    used 3693K, capacity 3926K, committed 3968K, reserved 1048576K
}
Event: 7.664 GC heap after
{Heap after GC invocations=5 (full 0):
 garbage-first heap   total 129024K, used 18369K [0x0000000080000000, 0x0000000100000000)
  region size 1024K, 3 young (3072K), 3 survivors (3072K)
 Metaspace       used 27922K, capacity 28573K, committed 28800K, reserved 1075200K
  class space    used 3693K, capacity 3926K, committed 3968K, reserved 1048576K
}
Event: 8.724 GC heap before
{Heap before GC invocations=5 (full 0):
 garbage-first heap   total 129024K, used 48065K [0x0000000080000000, 0x0000000100000000)
  region size 1024K, 34 young (34816K), 3 survivors (3072K)
 Metaspace       used 35086K, capacity 35823K, committed 35840K, reserved 1081344K
  class space    used 4561K, capacity 4854K, committed 4864K, reserved 1048576K
}
Event: 8.730 GC heap after
{Heap after GC invocations=6 (full 0):
 garbage-first heap   total 129024K, used 21048K [0x0000000080000000, 0x0000000100000000)
  region size 1024K, 6 young (6144K), 6 survivors (6144K)
 Metaspace       used 35086K, capacity 35823K, committed 35840K, reserved 1081344K
  class space    used 4561K, capacity 4854K, committed 4864K, reserved 1048576K
}
Event: 9.642 GC heap before
{Heap before GC invocations=7 (full 0):
 garbage-first heap   total 129024K, used 81464K [0x0000000080000000, 0x0000000100000000)
  region size 1024K, 62 young (63488K), 6 survivors (6144K)
 Metaspace       used 40651K, capacity 41498K, committed 41600K, reserved 1085440K
  class space    used 5188K, capacity 5501K, committed 5504K, reserved 1048576K
}
Event: 9.649 GC heap after
{Heap after GC invocations=8 (full 0):
 garbage-first heap   total 129024K, used 24729K [0x0000000080000000, 0x0000000100000000)
  region size 1024K, 7 young (7168K), 7 survivors (7168K)
 Metaspace       used 40651K, capacity 41498K, committed 41600K, reserved 1085440K
  class space    used 5188K, capacity 5501K, committed 5504K, reserved 1048576K
}
Event: 11.193 GC heap before
{Heap before GC invocations=8 (full 0):
 garbage-first heap   total 129024K, used 83097K [0x0000000080000000, 0x0000000100000000)
  region size 1024K, 64 young (65536K), 7 survivors (7168K)
 Metaspace       used 44481K, capacity 45537K, committed 45824K, reserved 1089536K
  class space    used 5709K, capacity 6084K, committed 6144K, reserved 1048576K
}
Event: 11.198 GC heap after
{Heap after GC invocations=9 (full 0):
 garbage-first heap   total 129024K, used 27900K [0x0000000080000000, 0x0000000100000000)
  region size 1024K, 7 young (7168K), 7 survivors (7168K)
 Metaspace       used 44481K, capacity 45537K, committed 45824K, reserved 1089536K
  class space    used 5709K, capacity 6084K, committed 6144K, reserved 1048576K
}
Event: 12.919 GC heap before
{Heap before GC invocations=9 (full 0):
 garbage-first heap   total 129024K, used 92412K [0x0000000080000000, 0x0000000100000000)
  region size 1024K, 65 young (66560K), 7 survivors (7168K)
 Metaspace       used 49626K, capacity 50966K, committed 51072K, reserved 1093632K
  class space    used 6320K, capacity 6766K, committed 6784K, reserved 1048576K
}
Event: 12.926 GC heap after
{Heap after GC invocations=10 (full 0):
 garbage-first heap   total 129024K, used 42574K [0x0000000080000000, 0x0000000100000000)
  region size 1024K, 9 young (9216K), 9 survivors (9216K)
 Metaspace       used 49626K, capacity 50966K, committed 51072K, reserved 1093632K
  class space    used 6320K, capacity 6766K, committed 6784K, reserved 1048576K
}
Event: 13.988 GC heap before
{Heap before GC invocations=10 (full 0):
 garbage-first heap   total 129024K, used 91726K [0x0000000080000000, 0x0000000100000000)
  region size 1024K, 58 young (59392K), 9 survivors (9216K)
 Metaspace       used 56343K, capacity 57725K, committed 57856K, reserved 1099776K
  class space    used 7177K, capacity 7673K, committed 7680K, reserved 1048576K
}
Event: 13.995 GC heap after
{Heap after GC invocations=11 (full 0):
 garbage-first heap   total 129024K, used 46672K [0x0000000080000000, 0x0000000100000000)
  region size 1024K, 4 young (4096K), 4 survivors (4096K)
 Metaspace       used 56343K, capacity 57725K, committed 57856K, reserved 1099776K
  class space    used 7177K, capacity 7673K, committed 7680K, reserved 1048576K
}
Event: 14.396 GC heap before
{Heap before GC invocations=11 (full 0):
 garbage-first heap   total 129024K, used 70224K [0x0000000080000000, 0x0000000100000000)
  region size 1024K, 27 young (27648K), 4 survivors (4096K)
 Metaspace       used 58630K, capacity 60024K, committed 60160K, reserved 1101824K
  class space    used 7453K, capacity 7980K, committed 8064K, reserved 1048576K
}
Event: 14.400 GC heap after
{Heap after GC invocations=12 (full 0):
 garbage-first heap   total 129024K, used 48445K [0x0000000080000000, 0x0000000100000000)
  region size 1024K, 6 young (6144K), 6 survivors (6144K)
 Metaspace       used 58630K, capacity 60024K, committed 60160K, reserved 1101824K
  class space    used 7453K, capacity 7980K, committed 8064K, reserved 1048576K
}
Event: 15.153 GC heap before
{Heap before GC invocations=13 (full 0):
 garbage-first heap   total 129024K, used 94525K [0x0000000080000000, 0x0000000100000000)
  region size 1024K, 51 young (52224K), 6 survivors (6144K)
 Metaspace       used 61495K, capacity 62990K, committed 63232K, reserved 1103872K
  class space    used 7806K, capacity 8369K, committed 8448K, reserved 1048576K
}
Event: 15.158 GC heap after
{Heap after GC invocations=14 (full 0):
 garbage-first heap   total 129024K, used 51687K [0x0000000080000000, 0x0000000100000000)
  region size 1024K, 6 young (6144K), 6 survivors (6144K)
 Metaspace       used 61495K, capacity 62990K, committed 63232K, reserved 1103872K
  class space    used 7806K, capacity 8369K, committed 8448K, reserved 1048576K
}
Event: 17.123 GC heap before
{Heap before GC invocations=14 (full 0):
 garbage-first heap   total 129024K, used 96743K [0x0000000080000000, 0x0000000100000000)
  region size 1024K, 50 young (51200K), 6 survivors (6144K)
 Metaspace       used 66643K, capacity 68130K, committed 68352K, reserved 1107968K
  class space    used 8622K, capacity 9162K, committed 9216K, reserved 1048576K
}
Event: 17.128 GC heap after
{Heap after GC invocations=15 (full 0):
 garbage-first heap   total 129024K, used 54500K [0x0000000080000000, 0x0000000100000000)
  region size 1024K, 7 young (7168K), 7 survivors (7168K)
 Metaspace       used 66643K, capacity 68130K, committed 68352K, reserved 1107968K
  class space    used 8622K, capacity 9162K, committed 9216K, reserved 1048576K
}

Deoptimization events (20 events):
Event: 17.384 Thread 0x0000015856e46000 Uncommon trap: trap_request=0xffffff4d fr.pc=0x0000015844d81cf4 relative=0x0000000000000514
Event: 17.384 Thread 0x0000015856e46000 Uncommon trap: reason=unstable_if action=reinterpret pc=0x0000015844d81cf4 method=java.lang.String.regionMatches(ZILjava/lang/String;II)Z @ 52 c2
Event: 17.384 Thread 0x0000015856e46000 DEOPT PACKING pc=0x0000015844d81cf4 sp=0x0000000b114f9450
Event: 17.384 Thread 0x0000015856e46000 DEOPT UNPACKING pc=0x000001583d2974af sp=0x0000000b114f9400 mode 2
Event: 17.384 Thread 0x0000015856e46000 Uncommon trap: trap_request=0xffffff4d fr.pc=0x0000015844d70c18 relative=0x00000000000003d8
Event: 17.384 Thread 0x0000015856e46000 Uncommon trap: reason=unstable_if action=reinterpret pc=0x0000015844d70c18 method=java.lang.StringLatin1.regionMatchesCI([BI[BII)Z @ 66 c2
Event: 17.384 Thread 0x0000015856e46000 DEOPT PACKING pc=0x0000015844d70c18 sp=0x0000000b114f93c0
Event: 17.384 Thread 0x0000015856e46000 DEOPT UNPACKING pc=0x000001583d2974af sp=0x0000000b114f9350 mode 2
Event: 17.416 Thread 0x0000015856e46000 Uncommon trap: trap_request=0xffffff4d fr.pc=0x0000015844db5f98 relative=0x0000000000001638
Event: 17.416 Thread 0x0000015856e46000 Uncommon trap: reason=unstable_if action=reinterpret pc=0x0000015844db5f98 method=sun.nio.fs.WindowsPathParser.isSlash(C)Z @ 9 c2
Event: 17.416 Thread 0x0000015856e46000 DEOPT PACKING pc=0x0000015844db5f98 sp=0x0000000b114fa340
Event: 17.416 Thread 0x0000015856e46000 DEOPT UNPACKING pc=0x000001583d2974af sp=0x0000000b114fa2d0 mode 2
Event: 17.416 Thread 0x0000015856e46000 Uncommon trap: trap_request=0xffffff4d fr.pc=0x0000015844d563dc relative=0x000000000000003c
Event: 17.416 Thread 0x0000015856e46000 Uncommon trap: reason=unstable_if action=reinterpret pc=0x0000015844d563dc method=sun.nio.fs.WindowsPathParser.isSlash(C)Z @ 9 c2
Event: 17.416 Thread 0x0000015856e46000 DEOPT PACKING pc=0x0000015844d563dc sp=0x0000000b114fa340
Event: 17.416 Thread 0x0000015856e46000 DEOPT UNPACKING pc=0x000001583d2974af sp=0x0000000b114fa2c8 mode 2
Event: 21.805 Thread 0x0000015856e46000 Uncommon trap: trap_request=0xffffff4d fr.pc=0x0000015844ee94f4 relative=0x00000000000001b4
Event: 21.805 Thread 0x0000015856e46000 Uncommon trap: reason=unstable_if action=reinterpret pc=0x0000015844ee94f4 method=com.esotericsoftware.kryo.io.Input.require(I)I @ 65 c2
Event: 21.805 Thread 0x0000015856e46000 DEOPT PACKING pc=0x0000015844ee94f4 sp=0x0000000b114f9120
Event: 21.805 Thread 0x0000015856e46000 DEOPT UNPACKING pc=0x000001583d2974af sp=0x0000000b114f90d0 mode 2

Classes redefined (0 events):
No events

Internal exceptions (20 events):
Event: 15.171 Thread 0x0000015856e46000 Exception <a 'java/lang/ClassNotFoundException'{0x0000000087b47b88}: org/gradle/api/JavaVersionCustomizer> (0x0000000087b47b88) thrown at [./src/hotspot/share/classfile/systemDictionary.cpp, line 231]
Event: 15.173 Thread 0x0000015856e46000 Exception <a 'java/lang/ClassNotFoundException'{0x0000000087b9aa30}: com/android/build/gradle/internal/CompileOptions_DecoratedBeanInfo> (0x0000000087b9aa30) thrown at [./src/hotspot/share/classfile/systemDictionary.cpp, line 231]
Event: 15.173 Thread 0x0000015856e46000 Exception <a 'java/lang/ClassNotFoundException'{0x0000000087bb11a8}: com/android/build/gradle/internal/CompileOptionsBeanInfo> (0x0000000087bb11a8) thrown at [./src/hotspot/share/classfile/systemDictionary.cpp, line 231]
Event: 15.174 Thread 0x0000015856e46000 Exception <a 'java/lang/ClassNotFoundException'{0x0000000087bc8090}: com/android/build/gradle/internal/CompileOptionsCustomizer> (0x0000000087bc8090) thrown at [./src/hotspot/share/classfile/systemDictionary.cpp, line 231]
Event: 15.174 Thread 0x0000015856e46000 Exception <a 'java/lang/ClassNotFoundException'{0x0000000087beb900}: com/android/build/gradle/internal/CompileOptions_DecoratedCustomizer> (0x0000000087beb900) thrown at [./src/hotspot/share/classfile/systemDictionary.cpp, line 231]
Event: 15.189 Thread 0x0000015856e46000 Exception <a 'java/lang/ClassNotFoundException'{0x0000000087934e50}: org/jetbrains/kotlin/gradle/dsl/KotlinJvmOptionsImplBeanInfo> (0x0000000087934e50) thrown at [./src/hotspot/share/classfile/systemDictionary.cpp, line 231]
Event: 15.189 Thread 0x0000015856e46000 Exception <a 'java/lang/ClassNotFoundException'{0x000000008794c4c0}: org/jetbrains/kotlin/gradle/dsl/KotlinJvmOptionsBaseBeanInfo> (0x000000008794c4c0) thrown at [./src/hotspot/share/classfile/systemDictionary.cpp, line 231]
Event: 15.189 Thread 0x0000015856e46000 Exception <a 'java/lang/ClassNotFoundException'{0x0000000087963d38}: org/jetbrains/kotlin/gradle/dsl/KotlinJvmOptionsBaseCustomizer> (0x0000000087963d38) thrown at [./src/hotspot/share/classfile/systemDictionary.cpp, line 231]
Event: 15.190 Thread 0x0000015856e46000 Exception <a 'java/lang/ClassNotFoundException'{0x0000000087992bd8}: org/jetbrains/kotlin/gradle/dsl/KotlinJvmOptionsImplCustomizer> (0x0000000087992bd8) thrown at [./src/hotspot/share/classfile/systemDictionary.cpp, line 231]
Event: 15.873 Thread 0x0000015856e46000 Implicit null exception at 0x0000015844ffbfc2 to 0x0000015844ffc1a8
Event: 17.132 Thread 0x0000015856e46000 Exception <a 'java/lang/ClassNotFoundException'{0x0000000087dac628}: com/android/build/gradle/internal/api/ApkVariantOutputImpl_DecoratedBeanInfo> (0x0000000087dac628) thrown at [./src/hotspot/share/classfile/systemDictionary.cpp, line 231]
Event: 17.133 Thread 0x0000015856e46000 Exception <a 'java/lang/ClassNotFoundException'{0x0000000087dc2a28}: com/android/build/gradle/internal/api/ApkVariantOutputImplBeanInfo> (0x0000000087dc2a28) thrown at [./src/hotspot/share/classfile/systemDictionary.cpp, line 231]
Event: 17.133 Thread 0x0000015856e46000 Exception <a 'java/lang/ClassNotFoundException'{0x0000000087dd94f8}: com/android/build/gradle/internal/api/BaseVariantOutputImplBeanInfo> (0x0000000087dd94f8) thrown at [./src/hotspot/share/classfile/systemDictionary.cpp, line 231]
Event: 17.133 Thread 0x0000015856e46000 Exception <a 'java/lang/ClassNotFoundException'{0x0000000087defff0}: com/android/build/gradle/internal/api/BaseVariantOutputImplCustomizer> (0x0000000087defff0) thrown at [./src/hotspot/share/classfile/systemDictionary.cpp, line 231]
Event: 17.134 Thread 0x0000015856e46000 Exception <a 'java/lang/ClassNotFoundException'{0x0000000087c19640}: com/android/build/gradle/internal/api/ApkVariantOutputImplCustomizer> (0x0000000087c19640) thrown at [./src/hotspot/share/classfile/systemDictionary.cpp, line 231]
Event: 17.135 Thread 0x0000015856e46000 Exception <a 'java/lang/ClassNotFoundException'{0x0000000087c3e8d0}: com/android/build/gradle/internal/api/ApkVariantOutputImpl_DecoratedCustomizer> (0x0000000087c3e8d0) thrown at [./src/hotspot/share/classfile/systemDictionary.cpp, line 231]
Event: 17.160 Thread 0x0000015856e46000 Exception <a 'java/lang/ClassNotFoundException'{0x0000000087ba1630}: com/android/build/gradle/internal/api/ReadOnlyBuildTypeBeanInfo> (0x0000000087ba1630) thrown at [./src/hotspot/share/classfile/systemDictionary.cpp, line 231]
Event: 17.160 Thread 0x0000015856e46000 Exception <a 'java/lang/ClassNotFoundException'{0x0000000087bb72e8}: com/android/build/gradle/internal/api/ReadOnlyBaseConfigBeanInfo> (0x0000000087bb72e8) thrown at [./src/hotspot/share/classfile/systemDictionary.cpp, line 231]
Event: 17.161 Thread 0x0000015856e46000 Exception <a 'java/lang/ClassNotFoundException'{0x0000000087bcd6b0}: com/android/build/gradle/internal/api/ReadOnlyBaseConfigCustomizer> (0x0000000087bcd6b0) thrown at [./src/hotspot/share/classfile/systemDictionary.cpp, line 231]
Event: 17.162 Thread 0x0000015856e46000 Exception <a 'java/lang/ClassNotFoundException'{0x0000000087bf7678}: com/android/build/gradle/internal/api/ReadOnlyBuildTypeCustomizer> (0x0000000087bf7678) thrown at [./src/hotspot/share/classfile/systemDictionary.cpp, line 231]

Events (20 events):
Event: 21.801 loading class org/gradle/api/internal/artifacts/ivyservice/resolveengine/result/CachingComponentSelectionDescriptorFactory$Key
Event: 21.801 loading class org/gradle/api/internal/artifacts/ivyservice/resolveengine/result/CachingComponentSelectionDescriptorFactory$Key done
Event: 21.801 loading class org/gradle/api/artifacts/result/ComponentSelectionCause
Event: 21.801 loading class org/gradle/api/artifacts/result/ComponentSelectionCause done
Event: 21.801 loading class org/gradle/api/artifacts/result/ComponentSelectionDescriptor
Event: 21.801 loading class org/gradle/api/artifacts/result/ComponentSelectionDescriptor done
Event: 21.801 loading class org/gradle/api/artifacts/result/ComponentSelectionCause
Event: 21.801 loading class org/gradle/api/artifacts/result/ComponentSelectionCause done
Event: 21.802 loading class org/gradle/api/internal/artifacts/ivyservice/resolveengine/result/DetachedComponentResult
Event: 21.802 loading class org/gradle/api/internal/artifacts/ivyservice/resolveengine/result/DetachedComponentResult done
Event: 21.803 loading class org/gradle/api/internal/artifacts/result/DefaultResolvedComponentResult
Event: 21.803 loading class org/gradle/api/internal/artifacts/result/DefaultResolvedComponentResult done
Event: 21.803 loading class org/gradle/api/internal/artifacts/result/ResolvedComponentResultInternal
Event: 21.803 loading class org/gradle/api/internal/artifacts/result/ResolvedComponentResultInternal done
Event: 21.804 loading class org/gradle/api/artifacts/result/ComponentSelectionCause
Event: 21.804 loading class org/gradle/api/artifacts/result/ComponentSelectionCause done
Event: 21.804 loading class org/gradle/api/artifacts/result/ComponentSelectionCause
Event: 21.804 loading class org/gradle/api/artifacts/result/ComponentSelectionCause done
Event: 21.806 loading class org/gradle/api/internal/artifacts/ivyservice/resolveengine/result/DetachedResolvedGraphDependency
Event: 21.806 loading class org/gradle/api/internal/artifacts/ivyservice/resolveengine/result/DetachedResolvedGraphDependency done


Dynamic libraries:
0x00007ff6220c0000 - 0x00007ff6220ca000 	D:\androidstudio\jre\bin\java.exe
0x00007ffd8acd0000 - 0x00007ffd8aec5000 	C:\WINDOWS\SYSTEM32\ntdll.dll
0x00007ffd8a820000 - 0x00007ffd8a8de000 	C:\WINDOWS\System32\KERNEL32.DLL
0x00007ffd883e0000 - 0x00007ffd886a8000 	C:\WINDOWS\System32\KERNELBASE.dll
0x00007ffd88b60000 - 0x00007ffd88c60000 	C:\WINDOWS\System32\ucrtbase.dll
0x00007ffd42290000 - 0x00007ffd422a7000 	D:\androidstudio\jre\bin\VCRUNTIME140.dll
0x00007ffd4c270000 - 0x00007ffd4c289000 	D:\androidstudio\jre\bin\jli.dll
0x00007ffd8a140000 - 0x00007ffd8a2e1000 	C:\WINDOWS\System32\USER32.dll
0x00007ffd88710000 - 0x00007ffd88732000 	C:\WINDOWS\System32\win32u.dll
0x00007ffd88e30000 - 0x00007ffd88e5b000 	C:\WINDOWS\System32\GDI32.dll
0x00007ffd75040000 - 0x00007ffd752da000 	C:\WINDOWS\WinSxS\amd64_microsoft.windows.common-controls_6595b64144ccf1df_6.0.19041.1110_none_60b5254171f9507e\COMCTL32.dll
0x00007ffd888f0000 - 0x00007ffd889fd000 	C:\WINDOWS\System32\gdi32full.dll
0x00007ffd89790000 - 0x00007ffd8982e000 	C:\WINDOWS\System32\msvcrt.dll
0x00007ffd88850000 - 0x00007ffd888ed000 	C:\WINDOWS\System32\msvcp_win.dll
0x00007ffd89760000 - 0x00007ffd89790000 	C:\WINDOWS\System32\IMM32.DLL
0x00007ffd2a130000 - 0x00007ffd2a1cd000 	D:\androidstudio\jre\bin\msvcp140.dll
0x00007ffd260f0000 - 0x00007ffd26bac000 	D:\androidstudio\jre\bin\server\jvm.dll
0x00007ffd89830000 - 0x00007ffd898dc000 	C:\WINDOWS\System32\ADVAPI32.dll
0x00007ffd89f70000 - 0x00007ffd8a00b000 	C:\WINDOWS\System32\sechost.dll
0x00007ffd8ab60000 - 0x00007ffd8ac8a000 	C:\WINDOWS\System32\RPCRT4.dll
0x00007ffd88f90000 - 0x00007ffd88f98000 	C:\WINDOWS\System32\PSAPI.DLL
0x00007ffd7ef70000 - 0x00007ffd7ef97000 	C:\WINDOWS\SYSTEM32\WINMM.dll
0x00007ffd7fac0000 - 0x00007ffd7faca000 	C:\WINDOWS\SYSTEM32\VERSION.dll
0x00007ffd63fe0000 - 0x00007ffd63fe9000 	C:\WINDOWS\SYSTEM32\WSOCK32.dll
0x00007ffd896f0000 - 0x00007ffd8975b000 	C:\WINDOWS\System32\WS2_32.dll
0x00007ffd86c90000 - 0x00007ffd86ca2000 	C:\WINDOWS\SYSTEM32\kernel.appcore.dll
0x00007ffd83e20000 - 0x00007ffd83e31000 	D:\androidstudio\jre\bin\verify.dll
0x00007ffd86a50000 - 0x00007ffd86c34000 	C:\WINDOWS\SYSTEM32\DBGHELP.DLL
0x00007ffd74410000 - 0x00007ffd7443c000 	C:\WINDOWS\SYSTEM32\dbgcore.DLL
0x00007ffd887c0000 - 0x00007ffd88842000 	C:\WINDOWS\System32\bcryptPrimitives.dll
0x00007ffd83070000 - 0x00007ffd83099000 	D:\androidstudio\jre\bin\java.dll
0x00007ffd83e10000 - 0x00007ffd83e1b000 	D:\androidstudio\jre\bin\jimage.dll
0x00007ffd828e0000 - 0x00007ffd828f8000 	D:\androidstudio\jre\bin\zip.dll
0x00007ffd88fa0000 - 0x00007ffd896e4000 	C:\WINDOWS\System32\SHELL32.dll
0x00007ffd861e0000 - 0x00007ffd86974000 	C:\WINDOWS\SYSTEM32\windows.storage.dll
0x00007ffd8a4c0000 - 0x00007ffd8a815000 	C:\WINDOWS\System32\combase.dll
0x00007ffd87e30000 - 0x00007ffd87e5e000 	C:\WINDOWS\SYSTEM32\Wldp.dll
0x00007ffd8a8e0000 - 0x00007ffd8a98d000 	C:\WINDOWS\System32\SHCORE.dll
0x00007ffd8a300000 - 0x00007ffd8a355000 	C:\WINDOWS\System32\shlwapi.dll
0x00007ffd88320000 - 0x00007ffd8833f000 	C:\WINDOWS\SYSTEM32\profapi.dll
0x00007ffd826c0000 - 0x00007ffd826da000 	D:\androidstudio\jre\bin\net.dll
0x00007ffd7de10000 - 0x00007ffd7df1c000 	C:\WINDOWS\SYSTEM32\WINHTTP.dll
0x00007ffd87b90000 - 0x00007ffd87bfa000 	C:\WINDOWS\system32\mswsock.dll
0x00007ffd826a0000 - 0x00007ffd826b4000 	D:\androidstudio\jre\bin\nio.dll
0x00007ffd3ab00000 - 0x00007ffd3ab27000 	C:\Users\adity\.gradle\native\fdc75f09e3144964f2cf3f50f0aa648679c211496f362492102eb8c894070792\windows-amd64\native-platform.dll
0x00007ffd2a1d0000 - 0x00007ffd2a366000 	C:\Users\adity\.gradle\native\12488b8bf47d2d4c9fbf2f6322a914ad602e24e48041cd04a747c6da556b65c4\windows-amd64\native-platform-file-events.dll
0x00007ffd74720000 - 0x00007ffd7472a000 	D:\androidstudio\jre\bin\management.dll
0x00007ffd6d380000 - 0x00007ffd6d38c000 	D:\androidstudio\jre\bin\management_ext.dll
0x00007ffd87d80000 - 0x00007ffd87d98000 	C:\WINDOWS\SYSTEM32\CRYPTSP.dll
0x00007ffd874a0000 - 0x00007ffd874d4000 	C:\WINDOWS\system32\rsaenh.dll
0x00007ffd88740000 - 0x00007ffd88767000 	C:\WINDOWS\System32\bcrypt.dll
0x00007ffd882e0000 - 0x00007ffd8830e000 	C:\WINDOWS\SYSTEM32\USERENV.dll
0x00007ffd87da0000 - 0x00007ffd87dac000 	C:\WINDOWS\SYSTEM32\CRYPTBASE.dll
0x00007ffd87830000 - 0x00007ffd8786b000 	C:\WINDOWS\SYSTEM32\IPHLPAPI.DLL
0x00007ffd8a2f0000 - 0x00007ffd8a2f8000 	C:\WINDOWS\System32\NSI.dll
0x00007ffd80e90000 - 0x00007ffd80ea7000 	C:\WINDOWS\SYSTEM32\dhcpcsvc6.DLL
0x00007ffd7fc40000 - 0x00007ffd7fc5d000 	C:\WINDOWS\SYSTEM32\dhcpcsvc.DLL
0x00007ffd87870000 - 0x00007ffd8793b000 	C:\WINDOWS\SYSTEM32\DNSAPI.dll
0x00007ffd80ec0000 - 0x00007ffd80ecb000 	C:\WINDOWS\SYSTEM32\WINNSI.DLL

dbghelp: loaded successfully - version: 4.0.5 - missing functions: none
symbol engine: initialized successfully - sym options: 0x614 - pdb path: .;D:\androidstudio\jre\bin;C:\WINDOWS\SYSTEM32;C:\WINDOWS\WinSxS\amd64_microsoft.windows.common-controls_6595b64144ccf1df_6.0.19041.1110_none_60b5254171f9507e;D:\androidstudio\jre\bin\server;C:\Users\adity\.gradle\native\fdc75f09e3144964f2cf3f50f0aa648679c211496f362492102eb8c894070792\windows-amd64;C:\Users\adity\.gradle\native\12488b8bf47d2d4c9fbf2f6322a914ad602e24e48041cd04a747c6da556b65c4\windows-amd64

VM Arguments:
jvm_args: --add-opens=java.base/java.util=ALL-UNNAMED --add-opens=java.base/java.lang=ALL-UNNAMED --add-opens=java.base/java.lang.invoke=ALL-UNNAMED --add-opens=java.prefs/java.util.prefs=ALL-UNNAMED -Xmx2048m -Dfile.encoding=UTF-8 -Duser.country=IN -Duser.language=en -Duser.variant 
java_command: org.gradle.launcher.daemon.bootstrap.GradleDaemon 6.7.1
java_class_path (initial): C:\Users\adity\.gradle\wrapper\dists\gradle-6.7.1-bin\bwlcbys1h7rz3272sye1xwiv6\gradle-6.7.1\lib\gradle-launcher-6.7.1.jar
Launcher Type: SUN_STANDARD

[Global flags]
     intx CICompilerCount                          = 4                                         {product} {ergonomic}
     uint ConcGCThreads                            = 3                                         {product} {ergonomic}
     uint G1ConcRefinementThreads                  = 10                                        {product} {ergonomic}
   size_t G1HeapRegionSize                         = 1048576                                   {product} {ergonomic}
    uintx GCDrainStackTargetSize                   = 64                                        {product} {ergonomic}
   size_t InitialHeapSize                          = 132120576                                 {product} {ergonomic}
   size_t MarkStackSize                            = 4194304                                   {product} {ergonomic}
   size_t MaxHeapSize                              = 2147483648                                {product} {command line}
   size_t MaxNewSize                               = 1287651328                                {product} {ergonomic}
   size_t MinHeapDeltaBytes                        = 1048576                                   {product} {ergonomic}
    uintx NonNMethodCodeHeapSize                   = 5836300                                {pd product} {ergonomic}
    uintx NonProfiledCodeHeapSize                  = 122910970                              {pd product} {ergonomic}
    uintx ProfiledCodeHeapSize                     = 122910970                              {pd product} {ergonomic}
    uintx ReservedCodeCacheSize                    = 251658240                              {pd product} {ergonomic}
     bool SegmentedCodeCache                       = true                                      {product} {ergonomic}
     bool UseCompressedClassPointers               = true                                 {lp64_product} {ergonomic}
     bool UseCompressedOops                        = true                                 {lp64_product} {ergonomic}
     bool UseG1GC                                  = true                                      {product} {ergonomic}
     bool UseLargePagesIndividualAllocation        = false                                  {pd product} {ergonomic}

Logging:
Log output configuration:
 #0: stdout all=warning uptime,level,tags
 #1: stderr all=off uptime,level,tags

Environment Variables:
PATH=C:\Windows\system32;C:\Windows;C:\Windows\System32\Wbem;C:\Windows\System32\WindowsPowerShell\v1.0\;C:\Windows\System32\OpenSSH\;C:\Program Files (x86)\NVIDIA Corporation\PhysX\Common;C:\Program Files\NVIDIA Corporation\NVIDIA NvDLISR;C:\WINDOWS\system32;C:\WINDOWS;C:\WINDOWS\System32\Wbem;C:\WINDOWS\System32\WindowsPowerShell\v1.0\;C:\WINDOWS\System32\OpenSSH\;C:\Users\adity\AppData\Local\Microsoft\WindowsApps;
USERNAME=adity
OS=Windows_NT
PROCESSOR_IDENTIFIER=AMD64 Family 23 Model 96 Stepping 1, AuthenticAMD



---------------  S Y S T E M  ---------------

OS: Windows 10 , 64 bit Build 19041 (10.0.19041.1348)
OS uptime: 1 days 17:50 hours

CPU:total 12 (initial active 12) (12 cores per cpu, 2 threads per core) family 23 model 96 stepping 1, cmov, cx8, fxsr, mmx, sse, sse2, sse3, ssse3, sse4.1, sse4.2, popcnt, avx, avx2, aes, clmul, mmxext, 3dnowpref, lzcnt, sse4a, ht, tsc, tscinvbit, tscinv, bmi1, bmi2, adx, sha, fma

Memory: 4k page, system-wide physical 8061M (1053M free)
TotalPageFile size 32637M (AvailPageFile size 0M)
current process WorkingSet (physical memory assigned to process): 294M, peak: 329M
current process commit charge ("private bytes"): 346M, peak: 380M

vm_info: OpenJDK 64-Bit Server VM (11.0.8+10-b944.6842174) for windows-amd64 JRE (11.0.8+10-b944.6842174), built on Sep 19 2020 01:11:42 by "builder" with MS VC++ 14.0 (VS2015)

END.
